0 verbose cli /usr/bin/node /usr/bin/npm
1 info using npm@9.2.0
2 info using node@v20.19.2
3 timing npm:load:whichnode Completed in 1ms
4 timing config:load:defaults Completed in 4ms
5 timing config:load:file:/usr/share/nodejs/npm/npmrc Completed in 20ms
6 timing config:load:builtin Completed in 21ms
7 timing config:load:cli Completed in 10ms
8 timing config:load:env Completed in 1ms
9 timing config:load:file:/home/salvadorllamas048/proyecto2/.npmrc Completed in 3ms
10 timing config:load:project Completed in 9ms
11 timing config:load:file:/home/salvadorllamas048/.npmrc Completed in 1ms
12 timing config:load:user Completed in 1ms
13 timing config:load:file:/etc/npmrc Completed in 0ms
14 timing config:load:global Completed in 11ms
15 timing config:load:setEnvs Completed in 6ms
16 timing config:load Completed in 64ms
17 timing npm:load:configload Completed in 64ms
18 timing npm:load:mkdirpcache Completed in 2ms
19 timing npm:load:mkdirplogs Completed in 1ms
20 verbose title npm install
21 verbose argv "install"
22 timing npm:load:setTitle Completed in 3ms
23 timing config:load:flatten Completed in 14ms
24 timing npm:load:display Completed in 19ms
25 verbose logfile logs-max:10 dir:/home/salvadorllamas048/.npm/_logs/2026-06-07T03_20_49_321Z-
26 verbose logfile /home/salvadorllamas048/.npm/_logs/2026-06-07T03_20_49_321Z-debug-0.log
27 timing npm:load:logFile Completed in 52ms
28 timing npm:load:timers Completed in 0ms
29 timing npm:load:configScope Completed in 1ms
30 timing npm:load Completed in 145ms
31 silly logfile start cleaning logs, removing 1 files
32 timing config:load:flatten Completed in 7ms
33 timing arborist:ctor Completed in 3ms
34 silly logfile done cleaning log files
35 timing idealTree:init Completed in 2818ms
36 timing idealTree:userRequests Completed in 1ms
37 silly idealTree buildDeps
38 timing idealTree:#root Completed in 2ms
39 timing idealTree:buildDeps Completed in 11ms
40 timing idealTree:fixDepFlags Completed in 0ms
41 timing idealTree Completed in 2875ms
42 timing arborist:ctor Completed in 0ms
43 timing reify:loadTrees Completed in 5563ms
44 timing reify:diffTrees Completed in 110ms
45 silly reify moves {}
46 timing reify:retireShallow Completed in 9ms
47 timing reify:createSparse Completed in 28ms
48 timing reify:loadBundles Completed in 0ms
49 silly audit bulk request {
49 silly audit   '@babel/code-frame': [ '7.29.7' ],
49 silly audit   '@babel/compat-data': [ '7.29.7' ],
49 silly audit   '@babel/core': [ '7.29.7' ],
49 silly audit   debug: [ '4.4.3', '2.6.9', '3.2.7' ],
49 silly audit   ms: [ '2.1.3', '2.0.0' ],
49 silly audit   '@babel/generator': [ '7.29.7' ],
49 silly audit   '@babel/helper-compilation-targets': [ '7.29.7' ],
49 silly audit   '@babel/helper-globals': [ '7.29.7' ],
49 silly audit   '@babel/helper-module-imports': [ '7.29.7' ],
49 silly audit   '@babel/helper-module-transforms': [ '7.29.7' ],
49 silly audit   '@babel/helper-plugin-utils': [ '7.29.7' ],
49 silly audit   '@babel/helper-string-parser': [ '7.29.7' ],
49 silly audit   '@babel/helper-validator-identifier': [ '7.29.7' ],
49 silly audit   '@babel/helper-validator-option': [ '7.29.7' ],
49 silly audit   '@babel/helpers': [ '7.29.7' ],
49 silly audit   '@babel/parser': [ '7.29.7' ],
49 silly audit   '@babel/plugin-syntax-async-generators': [ '7.8.4' ],
49 silly audit   '@babel/plugin-syntax-bigint': [ '7.8.3' ],
49 silly audit   '@babel/plugin-syntax-class-properties': [ '7.12.13' ],
49 silly audit   '@babel/plugin-syntax-class-static-block': [ '7.14.5' ],
49 silly audit   '@babel/plugin-syntax-import-attributes': [ '7.29.7' ],
49 silly audit   '@babel/plugin-syntax-import-meta': [ '7.10.4' ],
49 silly audit   '@babel/plugin-syntax-json-strings': [ '7.8.3' ],
49 silly audit   '@babel/plugin-syntax-jsx': [ '7.29.7' ],
49 silly audit   '@babel/plugin-syntax-logical-assignment-operators': [ '7.10.4' ],
49 silly audit   '@babel/plugin-syntax-nullish-coalescing-operator': [ '7.8.3' ],
49 silly audit   '@babel/plugin-syntax-numeric-separator': [ '7.10.4' ],
49 silly audit   '@babel/plugin-syntax-object-rest-spread': [ '7.8.3' ],
49 silly audit   '@babel/plugin-syntax-optional-catch-binding': [ '7.8.3' ],
49 silly audit   '@babel/plugin-syntax-optional-chaining': [ '7.8.3' ],
49 silly audit   '@babel/plugin-syntax-private-property-in-object': [ '7.14.5' ],
49 silly audit   '@babel/plugin-syntax-top-level-await': [ '7.14.5' ],
49 silly audit   '@babel/plugin-syntax-typescript': [ '7.29.7' ],
49 silly audit   '@babel/template': [ '7.29.7' ],
49 silly audit   '@babel/traverse': [ '7.29.7' ],
49 silly audit   '@babel/types': [ '7.29.7' ],
49 silly audit   '@bcoe/v8-coverage': [ '0.2.3' ],
49 silly audit   '@istanbuljs/load-nyc-config': [ '1.1.0' ],
49 silly audit   '@istanbuljs/schema': [ '0.1.6' ],
49 silly audit   '@jest/console': [ '29.7.0' ],
49 silly audit   '@jest/core': [ '29.7.0' ],
49 silly audit   '@jest/environment': [ '29.7.0' ],
49 silly audit   '@jest/expect': [ '29.7.0' ],
49 silly audit   '@jest/expect-utils': [ '29.7.0' ],
49 silly audit   '@jest/fake-timers': [ '29.7.0' ],
49 silly audit   '@jest/globals': [ '29.7.0' ],
49 silly audit   '@jest/reporters': [ '29.7.0' ],
49 silly audit   '@jest/schemas': [ '29.6.3' ],
49 silly audit   '@jest/source-map': [ '29.6.3' ],
49 silly audit   '@jest/test-result': [ '29.7.0' ],
49 silly audit   '@jest/test-sequencer': [ '29.7.0' ],
49 silly audit   '@jest/transform': [ '29.7.0' ],
49 silly audit   '@jest/types': [ '29.6.3' ],
49 silly audit   '@jridgewell/gen-mapping': [ '0.3.13' ],
49 silly audit   '@jridgewell/remapping': [ '2.3.5' ],
49 silly audit   '@jridgewell/resolve-uri': [ '3.1.2' ],
49 silly audit   '@jridgewell/sourcemap-codec': [ '1.5.5' ],
49 silly audit   '@jridgewell/trace-mapping': [ '0.3.31' ],
49 silly audit   '@mongodb-js/saslprep': [ '1.4.11' ],
49 silly audit   '@noble/hashes': [ '1.8.0' ],
49 silly audit   '@paralleldrive/cuid2': [ '2.3.1' ],
49 silly audit   '@sinclair/typebox': [ '0.27.10' ],
49 silly audit   '@sinonjs/commons': [ '3.0.1' ],
49 silly audit   '@sinonjs/fake-timers': [ '10.3.0' ],
49 silly audit   '@types/babel__core': [ '7.20.5' ],
49 silly audit   '@types/babel__generator': [ '7.27.0' ],
49 silly audit   '@types/babel__template': [ '7.4.4' ],
49 silly audit   '@types/babel__traverse': [ '7.28.0' ],
49 silly audit   '@types/graceful-fs': [ '4.1.9' ],
49 silly audit   '@types/istanbul-lib-coverage': [ '2.0.6' ],
49 silly audit   '@types/istanbul-lib-report': [ '3.0.3' ],
49 silly audit   '@types/istanbul-reports': [ '3.0.4' ],
49 silly audit   '@types/node': [ '25.9.1' ],
49 silly audit   '@types/stack-utils': [ '2.0.3' ],
49 silly audit   '@types/webidl-conversions': [ '7.0.3' ],
49 silly audit   '@types/whatwg-url': [ '13.0.0', '8.2.2' ],
49 silly audit   '@types/yargs': [ '17.0.35' ],
49 silly audit   '@types/yargs-parser': [ '21.0.3' ],
49 silly audit   accepts: [ '1.3.8' ],
49 silly audit   'agent-base': [ '7.1.4' ],
49 silly audit   'ansi-escapes': [ '4.3.2' ],
49 silly audit   'ansi-regex': [ '5.0.1' ],
49 silly audit   'ansi-styles': [ '4.3.0', '5.2.0' ],
49 silly audit   anymatch: [ '3.1.3' ],
49 silly audit   argparse: [ '1.0.10' ],
49 silly audit   'array-flatten': [ '1.1.1' ],
49 silly audit   asap: [ '2.0.6' ],
49 silly audit   'async-mutex': [ '0.5.0' ],
49 silly audit   asynckit: [ '0.4.0' ],
49 silly audit   b4a: [ '1.8.1' ],
49 silly audit   'babel-jest': [ '29.7.0' ],
49 silly audit   'babel-plugin-istanbul': [ '6.1.1' ],
49 silly audit   'istanbul-lib-instrument': [ '5.2.1', '6.0.3' ],
49 silly audit   'babel-plugin-jest-hoist': [ '29.6.3' ],
49 silly audit   'babel-preset-current-node-syntax': [ '1.2.0' ],
49 silly audit   'babel-preset-jest': [ '29.6.3' ],
49 silly audit   'balanced-match': [ '1.0.2' ],
49 silly audit   'bare-events': [ '2.9.1' ],
49 silly audit   'bare-fs': [ '4.7.2' ],
49 silly audit   'bare-os': [ '3.9.1' ],
49 silly audit   'bare-path': [ '3.0.1' ],
49 silly audit   'bare-stream': [ '2.13.1' ],
49 silly audit   'bare-url': [ '2.4.3' ],
49 silly audit   'baseline-browser-mapping': [ '2.10.33' ],
49 silly audit   bcryptjs: [ '2.4.3' ],
49 silly audit   'binary-extensions': [ '2.3.0' ],
49 silly audit   'body-parser': [ '1.20.5' ],
49 silly audit   'brace-expansion': [ '1.1.15' ],
49 silly audit   braces: [ '3.0.3' ],
49 silly audit   browserslist: [ '4.28.2' ],
49 silly audit   bser: [ '2.1.1' ],
49 silly audit   bson: [ '5.5.1', '7.2.0' ],
49 silly audit   'buffer-equal-constant-time': [ '1.0.1' ],
49 silly audit   'buffer-from': [ '1.1.2' ],
49 silly audit   bytes: [ '3.1.2' ],
49 silly audit   'call-bind-apply-helpers': [ '1.0.2' ],
49 silly audit   'call-bound': [ '1.0.4' ],
49 silly audit   callsites: [ '3.1.0' ],
49 silly audit   camelcase: [ '5.3.1', '6.3.0' ],
49 silly audit   'caniuse-lite': [ '1.0.30001793' ],
49 silly audit   chalk: [ '4.1.2' ],
49 silly audit   'char-regex': [ '1.0.2' ],
49 silly audit   chokidar: [ '3.6.0' ],
49 silly audit   'ci-info': [ '3.9.0' ],
49 silly audit   'cjs-module-lexer': [ '1.4.3' ],
49 silly audit   cliui: [ '8.0.1' ],
49 silly audit   co: [ '4.6.0' ],
49 silly audit   'collect-v8-coverage': [ '1.0.3' ],
49 silly audit   'color-convert': [ '2.0.1' ],
49 silly audit   'color-name': [ '1.1.4' ],
49 silly audit   'combined-stream': [ '1.0.8' ],
49 silly audit   commondir: [ '1.0.1' ],
49 silly audit   'component-emitter': [ '1.3.1' ],
49 silly audit   'concat-map': [ '0.0.1' ],
49 silly audit   'content-disposition': [ '0.5.4' ],
49 silly audit   'content-type': [ '1.0.5' ],
49 silly audit   'convert-source-map': [ '2.0.0' ],
49 silly audit   cookie: [ '0.7.2' ],
49 silly audit   'cookie-signature': [ '1.0.7' ],
49 silly audit   cookiejar: [ '2.1.4' ],
49 silly audit   'create-jest': [ '29.7.0' ],
49 silly audit   'cross-spawn': [ '7.0.6' ],
49 silly audit   dedent: [ '1.7.2' ],
49 silly audit   deepmerge: [ '4.3.1' ],
49 silly audit   'delayed-stream': [ '1.0.0' ],
49 silly audit   depd: [ '2.0.0' ],
49 silly audit   destroy: [ '1.2.0' ],
49 silly audit   'detect-newline': [ '3.1.0' ],
49 silly audit   dezalgo: [ '1.0.4' ],
49 silly audit   'diff-sequences': [ '29.6.3' ],
49 silly audit   dotenv: [ '16.6.1' ],
49 silly audit   'dunder-proto': [ '1.0.1' ],
49 silly audit   'ecdsa-sig-formatter': [ '1.0.11' ],
49 silly audit   'ee-first': [ '1.1.1' ],
49 silly audit   'electron-to-chromium': [ '1.5.366' ],
49 silly audit   emittery: [ '0.13.1' ],
49 silly audit   'emoji-regex': [ '8.0.0' ],
49 silly audit   encodeurl: [ '2.0.0' ],
49 silly audit   'error-ex': [ '1.3.4' ],
49 silly audit   'es-define-property': [ '1.0.1' ],
49 silly audit   'es-errors': [ '1.3.0' ],
49 silly audit   'es-object-atoms': [ '1.1.2' ],
49 silly audit   'es-set-tostringtag': [ '2.1.0' ],
49 silly audit   escalade: [ '3.2.0' ],
49 silly audit   'escape-html': [ '1.0.3' ],
49 silly audit   'escape-string-regexp': [ '2.0.0' ],
49 silly audit   esprima: [ '4.0.1' ],
49 silly audit   etag: [ '1.8.1' ],
49 silly audit   'events-universal': [ '1.0.1' ],
49 silly audit   execa: [ '5.1.1' ],
49 silly audit   exit: [ '0.1.2' ],
49 silly audit   expect: [ '29.7.0' ],
49 silly audit   express: [ '4.22.2' ],
49 silly audit   'express-validator': [ '7.3.2' ],
49 silly audit   'fast-fifo': [ '1.3.2' ],
49 silly audit   'fast-json-stable-stringify': [ '2.1.0' ],
49 silly audit   'fast-safe-stringify': [ '2.1.1' ],
49 silly audit   'fb-watchman': [ '2.0.2' ],
49 silly audit   'fill-range': [ '7.1.1' ],
49 silly audit   finalhandler: [ '1.3.2' ],
49 silly audit   'find-cache-dir': [ '3.3.2' ],
49 silly audit   'make-dir': [ '3.1.0', '4.0.0' ],
49 silly audit   'find-up': [ '4.1.0' ],
49 silly audit   'follow-redirects': [ '1.16.0' ],
49 silly audit   'form-data': [ '4.0.5' ],
49 silly audit   formidable: [ '2.1.5' ],
49 silly audit   forwarded: [ '0.2.0' ],
49 silly audit   fresh: [ '0.5.2' ],
49 silly audit   'fs.realpath': [ '1.0.0' ],
49 silly audit   fsevents: [ '2.3.3' ],
49 silly audit   'function-bind': [ '1.1.2' ],
49 silly audit   gensync: [ '1.0.0-beta.2' ],
49 silly audit   'get-caller-file': [ '2.0.5' ],
49 silly audit   'get-intrinsic': [ '1.3.0' ],
49 silly audit   'get-package-type': [ '0.1.0' ],
49 silly audit   'get-proto': [ '1.0.1' ],
49 silly audit   'get-stream': [ '6.0.1' ],
49 silly audit   glob: [ '7.2.3' ],
49 silly audit   'glob-parent': [ '5.1.2' ],
49 silly audit   gopd: [ '1.2.0' ],
49 silly audit   'graceful-fs': [ '4.2.11' ],
49 silly audit   'has-flag': [ '4.0.0', '3.0.0' ],
49 silly audit   'has-symbols': [ '1.1.0' ],
49 silly audit   'has-tostringtag': [ '1.0.2' ],
49 silly audit   hasown: [ '2.0.4' ],
49 silly audit   'html-escaper': [ '2.0.2' ],
49 silly audit   'http-errors': [ '2.0.1' ],
49 silly audit   'https-proxy-agent': [ '7.0.6' ],
49 silly audit   'human-signals': [ '2.1.0' ],
49 silly audit   'iconv-lite': [ '0.4.24' ],
49 silly audit   'ignore-by-default': [ '1.0.1' ],
49 silly audit   'import-local': [ '3.2.0' ],
49 silly audit   imurmurhash: [ '0.1.4' ],
49 silly audit   inflight: [ '1.0.6' ],
49 silly audit   inherits: [ '2.0.4' ],
49 silly audit   'ip-address': [ '10.2.0' ],
49 silly audit   'ipaddr.js': [ '1.9.1' ],
49 silly audit   'is-arrayish': [ '0.2.1' ],
49 silly audit   'is-binary-path': [ '2.1.0' ],
49 silly audit   'is-core-module': [ '2.16.2' ],
49 silly audit   'is-extglob': [ '2.1.1' ],
49 silly audit   'is-fullwidth-code-point': [ '3.0.0' ],
49 silly audit   'is-generator-fn': [ '2.1.0' ],
49 silly audit   'is-glob': [ '4.0.3' ],
49 silly audit   'is-number': [ '7.0.0' ],
49 silly audit   'is-stream': [ '2.0.1' ],
49 silly audit   isexe: [ '2.0.0' ],
49 silly audit   'istanbul-lib-coverage': [ '3.2.2' ],
49 silly audit   semver: [ '7.8.1', '5.7.2', '6.3.1', '7.0.0' ],
49 silly audit   'istanbul-lib-report': [ '3.0.1' ],
49 silly audit   'istanbul-lib-source-maps': [ '4.0.1' ],
49 silly audit   'istanbul-reports': [ '3.2.0' ],
49 silly audit   jest: [ '29.7.0' ],
49 silly audit   'jest-changed-files': [ '29.7.0' ],
49 silly audit   'jest-circus': [ '29.7.0' ],
49 silly audit   'jest-cli': [ '29.7.0' ],
49 silly audit   'jest-config': [ '29.7.0' ],
49 silly audit   'jest-diff': [ '29.7.0' ],
49 silly audit   'jest-docblock': [ '29.7.0' ],
49 silly audit   'jest-each': [ '29.7.0' ],
49 silly audit   'jest-environment-node': [ '29.7.0' ],
49 silly audit   'jest-get-type': [ '29.6.3' ],
49 silly audit   'jest-haste-map': [ '29.7.0' ],
49 silly audit   'jest-leak-detector': [ '29.7.0' ],
49 silly audit   'jest-matcher-utils': [ '29.7.0' ],
49 silly audit   'jest-message-util': [ '29.7.0' ],
49 silly audit   'jest-mock': [ '29.7.0' ],
49 silly audit   'jest-pnp-resolver': [ '1.2.3' ],
49 silly audit   'jest-regex-util': [ '29.6.3' ],
49 silly audit   'jest-resolve': [ '29.7.0' ],
49 silly audit   'jest-resolve-dependencies': [ '29.7.0' ],
49 silly audit   'jest-runner': [ '29.7.0' ],
49 silly audit   'jest-runtime': [ '29.7.0' ],
49 silly audit   'jest-snapshot': [ '29.7.0' ],
49 silly audit   'jest-util': [ '29.7.0' ],
49 silly audit   'jest-validate': [ '29.7.0' ],
49 silly audit   'jest-watcher': [ '29.7.0' ],
49 silly audit   'jest-worker': [ '29.7.0' ],
49 silly audit   'supports-color': [ '8.1.1', '5.5.0', '7.2.0' ],
49 silly audit   'js-tokens': [ '4.0.0' ],
49 silly audit   'js-yaml': [ '3.14.2' ],
49 silly audit   jsesc: [ '3.1.0' ],
49 silly audit   'json-parse-even-better-errors': [ '2.3.1' ],
49 silly audit   json5: [ '2.2.3' ],
49 silly audit   jsonwebtoken: [ '9.0.3' ],
49 silly audit   jwa: [ '2.0.1' ],
49 silly audit   jws: [ '4.0.1' ],
49 silly audit   kareem: [ '2.5.1' ],
49 silly audit   kleur: [ '3.0.3' ],
49 silly audit   leven: [ '3.1.0' ],
49 silly audit   'lines-and-columns': [ '1.2.4' ],
49 silly audit   'locate-path': [ '5.0.0' ],
49 silly audit   lodash: [ '4.18.1' ],
49 silly audit   'lodash.includes': [ '4.3.0' ],
49 silly audit   'lodash.isboolean': [ '3.0.3' ],
49 silly audit   'lodash.isinteger': [ '4.0.4' ],
49 silly audit   'lodash.isnumber': [ '3.0.3' ],
49 silly audit   'lodash.isplainobject': [ '4.0.6' ],
49 silly audit   'lodash.isstring': [ '4.0.1' ],
49 silly audit   'lodash.once': [ '4.1.1' ],
49 silly audit   'lru-cache': [ '5.1.1' ],
49 silly audit   makeerror: [ '1.0.12' ],
49 silly audit   'math-intrinsics': [ '1.1.0' ],
49 silly audit   'media-typer': [ '0.3.0' ],
49 silly audit   'memory-pager': [ '1.5.0' ],
49 silly audit   'merge-descriptors': [ '1.0.3' ],
49 silly audit   'merge-stream': [ '2.0.0' ],
49 silly audit   methods: [ '1.1.2' ],
49 silly audit   micromatch: [ '4.0.8' ],
49 silly audit   mime: [ '1.6.0', '2.6.0' ],
49 silly audit   'mime-db': [ '1.52.0' ],
49 silly audit   'mime-types': [ '2.1.35' ],
49 silly audit   'mimic-fn': [ '2.1.0' ],
49 silly audit   minimatch: [ '3.1.5' ],
49 silly audit   mongodb: [ '7.2.0', '5.9.2' ],
49 silly audit   'mongodb-connection-string-url': [ '7.0.1', '2.6.0' ],
49 silly audit   'mongodb-memory-server': [ '11.2.0' ],
49 silly audit   'mongodb-memory-server-core': [ '11.2.0' ],
49 silly audit   mongoose: [ '7.8.9' ],
49 silly audit   tr46: [ '3.0.0', '5.1.1' ],
49 silly audit   'whatwg-url': [ '11.0.0', '14.2.0' ],
49 silly audit   mpath: [ '0.9.0' ],
49 silly audit   mquery: [ '5.0.0' ],
49 silly audit   'natural-compare': [ '1.4.0' ],
49 silly audit   negotiator: [ '0.6.3' ],
49 silly audit   'new-find-package-json': [ '2.0.0' ],
49 silly audit   'node-int64': [ '0.4.0' ],
49 silly audit   'node-releases': [ '2.0.47' ],
49 silly audit   nodemailer: [ '6.10.1' ],
49 silly audit   nodemon: [ '2.0.22' ],
49 silly audit   'normalize-path': [ '3.0.0' ],
49 silly audit   'npm-run-path': [ '4.0.1' ],
49 silly audit   'object-inspect': [ '1.13.4' ],
49 silly audit   'on-finished': [ '2.4.1' ],
49 silly audit   once: [ '1.4.0' ],
49 silly audit   onetime: [ '5.1.2' ],
49 silly audit   'p-limit': [ '3.1.0', '2.3.0' ],
49 silly audit   'p-locate': [ '4.1.0' ],
49 silly audit   'p-try': [ '2.2.0' ],
49 silly audit   'parse-json': [ '5.2.0' ],
49 silly audit   parseurl: [ '1.3.3' ],
49 silly audit   'path-exists': [ '4.0.0' ],
49 silly audit   'path-is-absolute': [ '1.0.1' ],
49 silly audit   'path-key': [ '3.1.1' ],
49 silly audit   'path-parse': [ '1.0.7' ],
49 silly audit   'path-to-regexp': [ '0.1.13' ],
49 silly audit   pend: [ '1.2.0' ],
49 silly audit   picocolors: [ '1.1.1' ],
49 silly audit   picomatch: [ '2.3.2' ],
49 silly audit   pirates: [ '4.0.7' ],
49 silly audit   'pkg-dir': [ '4.2.0' ],
49 silly audit   'pretty-format': [ '29.7.0' ],
49 silly audit   prompts: [ '2.4.2' ],
49 silly audit   'proxy-addr': [ '2.0.7' ],
49 silly audit   'pstree.remy': [ '1.1.8' ],
49 silly audit   punycode: [ '2.3.1' ],
49 silly audit   'pure-rand': [ '6.1.0' ],
49 silly audit   qs: [ '6.15.2' ],
49 silly audit   'range-parser': [ '1.2.1' ],
49 silly audit   'raw-body': [ '2.5.3' ],
49 silly audit   'react-is': [ '18.3.1' ],
49 silly audit   readdirp: [ '3.6.0' ],
49 silly audit   'require-directory': [ '2.1.1' ],
49 silly audit   resolve: [ '1.22.12' ],
49 silly audit   'resolve-cwd': [ '3.0.0' ],
49 silly audit   'resolve-from': [ '5.0.0' ],
49 silly audit   'resolve.exports': [ '2.0.3' ],
49 silly audit   'safe-buffer': [ '5.2.1' ],
49 silly audit   'safer-buffer': [ '2.1.2' ],
49 silly audit   send: [ '0.19.2' ],
49 silly audit   'serve-static': [ '1.16.3' ],
49 silly audit   setprototypeof: [ '1.2.0' ],
49 silly audit   'shebang-command': [ '2.0.0' ],
49 silly audit   'shebang-regex': [ '3.0.0' ],
49 silly audit   'side-channel': [ '1.1.0' ],
49 silly audit   'side-channel-list': [ '1.0.1' ],
49 silly audit   'side-channel-map': [ '1.0.1' ],
49 silly audit   'side-channel-weakmap': [ '1.0.2' ],
49 silly audit   sift: [ '16.0.1' ],
49 silly audit   'signal-exit': [ '3.0.7' ],
49 silly audit   'simple-update-notifier': [ '1.1.0' ],
49 silly audit   sisteransi: [ '1.0.5' ],
49 silly audit   slash: [ '3.0.0' ],
49 silly audit   'smart-buffer': [ '4.2.0' ],
49 silly audit   socks: [ '2.8.9' ],
49 silly audit   'source-map': [ '0.6.1' ],
49 silly audit   'source-map-support': [ '0.5.13' ],
49 silly audit   'sparse-bitfield': [ '3.0.3' ],
49 silly audit   'sprintf-js': [ '1.0.3' ],
49 silly audit   'stack-utils': [ '2.0.6' ],
49 silly audit   statuses: [ '2.0.2' ],
49 silly audit   streamx: [ '2.26.0' ],
49 silly audit   'string-length': [ '4.0.2' ],
49 silly audit   'string-width': [ '4.2.3' ],
49 silly audit   'strip-ansi': [ '6.0.1' ],
49 silly audit   'strip-bom': [ '4.0.0' ],
49 silly audit   'strip-final-newline': [ '2.0.0' ],
49 silly audit   'strip-json-comments': [ '3.1.1' ],
49 silly audit   superagent: [ '8.1.2' ],
49 silly audit   supertest: [ '6.3.4' ],
49 silly audit   'supports-preserve-symlinks-flag': [ '1.0.0' ],
49 silly audit   'tar-stream': [ '3.2.0' ],
49 silly audit   teex: [ '1.0.1' ],
49 silly audit   'test-exclude': [ '6.0.0' ],
49 silly audit   'text-decoder': [ '1.2.7' ],
49 silly audit   tmpl: [ '1.0.5' ],
49 silly audit   'to-regex-range': [ '5.0.1' ],
49 silly audit   toidentifier: [ '1.0.1' ],
49 silly audit   touch: [ '3.1.1' ],
49 silly audit   tslib: [ '2.8.1' ],
49 silly audit   'type-detect': [ '4.0.8' ],
49 silly audit   'type-fest': [ '0.21.3' ],
49 silly audit   'type-is': [ '1.6.18' ],
49 silly audit   undefsafe: [ '2.0.5' ],
49 silly audit   'undici-types': [ '7.24.6' ],
49 silly audit   unpipe: [ '1.0.0' ],
49 silly audit   'update-browserslist-db': [ '1.2.3' ],
49 silly audit   'utils-merge': [ '1.0.1' ],
49 silly audit   'v8-to-istanbul': [ '9.3.0' ],
49 silly audit   validator: [ '13.15.35' ],
49 silly audit   vary: [ '1.1.2' ],
49 silly audit   walker: [ '1.0.8' ],
49 silly audit   'webidl-conversions': [ '7.0.0' ],
49 silly audit   which: [ '2.0.2' ],
49 silly audit   'wrap-ansi': [ '7.0.0' ],
49 silly audit   wrappy: [ '1.0.2' ],
49 silly audit   'write-file-atomic': [ '4.0.2' ],
49 silly audit   y18n: [ '5.0.8' ],
49 silly audit   yallist: [ '3.1.1' ],
49 silly audit   yargs: [ '17.7.2' ],
49 silly audit   'yargs-parser': [ '21.1.1' ],
49 silly audit   yauzl: [ '3.3.2' ],
49 silly audit   'yocto-queue': [ '0.1.0' ]
49 silly audit }
50 verbose reify failed optional dependency /home/salvadorllamas048/proyecto2/node_modules/fsevents
51 silly reify mark deleted [ '/home/salvadorllamas048/proyecto2/node_modules/fsevents' ]
52 timing reifyNode:node_modules/fsevents Completed in 208ms
53 timing reify:unpack Completed in 221ms
54 timing reify:unretire Completed in 0ms
55 timing build:queue Completed in 52ms
56 timing build:deps Completed in 54ms
57 timing build Completed in 62ms
58 timing reify:build Completed in 65ms
59 timing reify:trash Completed in 20ms
60 timing reify:save Completed in 1564ms
61 http fetch POST 200 https://registry.npmjs.org/-/npm/v1/security/advisories/bulk 3752ms
62 timing auditReport:getReport Completed in 3968ms
63 silly audit report {
63 silly audit report   semver: [
63 silly audit report     {
63 silly audit report       id: 1112921,
63 silly audit report       url: 'https://github.com/advisories/GHSA-c2qf-rxjj-qqgw',
63 silly audit report       title: 'semver vulnerable to Regular Expression Denial of Service',
63 silly audit report       severity: 'high',
63 silly audit report       vulnerable_versions: '>=7.0.0 <7.5.2',
63 silly audit report       cwe: [Array],
63 silly audit report       cvss: [Object]
63 silly audit report     }
63 silly audit report   ],
63 silly audit report   nodemailer: [
63 silly audit report     {
63 silly audit report       id: 1109804,
63 silly audit report       url: 'https://github.com/advisories/GHSA-mm7p-fcc7-pg87',
63 silly audit report       title: 'Nodemailer: Email to an unintended domain can occur due to Interpretation Conflict',
63 silly audit report       severity: 'moderate',
63 silly audit report       vulnerable_versions: '<7.0.7',
63 silly audit report       cwe: [Array],
63 silly audit report       cvss: [Object]
63 silly audit report     },
63 silly audit report     {
63 silly audit report       id: 1113165,
63 silly audit report       url: 'https://github.com/advisories/GHSA-rcmh-qjqh-p98v',
63 silly audit report       title: 'Nodemailer’s addressparser is vulnerable to DoS caused by recursive calls',
63 silly audit report       severity: 'high',
63 silly audit report       vulnerable_versions: '<=7.0.10',
63 silly audit report       cwe: [Array],
63 silly audit report       cvss: [Object]
63 silly audit report     },
63 silly audit report     {
63 silly audit report       id: 1115470,
63 silly audit report       url: 'https://github.com/advisories/GHSA-c7w3-x93f-qmm8',
63 silly audit report       title: 'Nodemailer has SMTP command injection due to unsanitized `envelope.size` parameter',
63 silly audit report       severity: 'low',
63 silly audit report       vulnerable_versions: '<8.0.4',
63 silly audit report       cwe: [Array],
63 silly audit report       cvss: [Object]
63 silly audit report     },
63 silly audit report     {
63 silly audit report       id: 1116270,
63 silly audit report       url: 'https://github.com/advisories/GHSA-vvjj-xcjg-gr5g',
63 silly audit report       title: 'Nodemailer Vulnerable to SMTP Command Injection via CRLF in Transport name Option (EHLO/HELO) ',
63 silly audit report       severity: 'moderate',
63 silly audit report       vulnerable_versions: '<=8.0.4',
63 silly audit report       cwe: [Array],
63 silly audit report       cvss: [Object]
63 silly audit report     }
63 silly audit report   ]
63 silly audit report }
64 timing metavuln:cache:get:security-advisory:semver:k0CjOJivVSeZQqdpa+Al8NDNCdnkC52iwoc802/3iU22WysxoQZrTMTxZeC1kChwn28QwXXmNWDXVyosLz9JMw== Completed in 169ms
65 timing metavuln:cache:get:security-advisory:nodemailer:3ULLNjvoBxNGNC8u3orauF8BGh/YS0v5X9YClUWhcKsoOzz5ls4je5DO6OkLIH96r2wwxPiat4WkQpCJevqaCg== Completed in 146ms
66 timing metavuln:cache:get:security-advisory:nodemailer:2ROANmhD3m0IXphkSTUcaLNQqKolXHF7GP0hsQax8xiPPGpfe2aL4Rzps0P6bTa55sqxMoUWlIjeZjrvoY2QDQ== Completed in 138ms
67 timing metavuln:cache:get:security-advisory:nodemailer:vfdl10OpL6SlquIpp/QJEMjbkuYS3I9a5siBm4lwhfmKI7BK83/J6CmdRO2lEkQBe57yPhvtQej+N2Ilyrgxfw== Completed in 139ms
68 timing metavuln:cache:get:security-advisory:nodemailer:sSa92SiwIkGaDWb7f+4uLJBKzBpJ0W2wWyyGnJ3WYf6b+X9DoWcraKM3PNTiyqrvMDI8W0G1ZM6Hlc4ILtBaPg== Completed in 142ms
69 http fetch GET 200 https://registry.npmjs.org/nodemailer 533ms (cache revalidated)
70 timing metavuln:packument:nodemailer Completed in 570ms
71 timing metavuln:load:security-advisory:nodemailer:1109804 Completed in 26ms
72 timing metavuln:calculate:security-advisory:nodemailer:1109804 Completed in 603ms
73 timing metavuln:load:security-advisory:nodemailer:1113165 Completed in 36ms
74 timing metavuln:calculate:security-advisory:nodemailer:1113165 Completed in 632ms
75 timing metavuln:load:security-advisory:nodemailer:1115470 Completed in 19ms
76 timing metavuln:calculate:security-advisory:nodemailer:1115470 Completed in 651ms
77 timing metavuln:load:security-advisory:nodemailer:1116270 Completed in 13ms
78 timing metavuln:calculate:security-advisory:nodemailer:1116270 Completed in 665ms
79 http fetch GET 200 https://registry.npmjs.org/semver 1226ms (cache updated)
80 timing metavuln:packument:semver Completed in 1256ms
81 timing metavuln:load:security-advisory:semver:1112921 Completed in 3ms
82 timing metavuln:cache:put:security-advisory:semver:k0CjOJivVSeZQqdpa+Al8NDNCdnkC52iwoc802/3iU22WysxoQZrTMTxZeC1kChwn28QwXXmNWDXVyosLz9JMw== Completed in 103ms
83 timing metavuln:calculate:security-advisory:semver:1112921 Completed in 1365ms
84 timing metavuln:cache:get:security-advisory:simple-update-notifier:sAk3HqCEinqss3JaKQs47PvMnqkFDKonysISao6hyBRt+iknsEcByvy0kitPPPBq179dkQDlIWEPTcxTEudwTg== Completed in 103ms
85 http fetch GET 200 https://registry.npmjs.org/simple-update-notifier 244ms (cache revalidated)
86 timing metavuln:packument:simple-update-notifier Completed in 246ms
87 timing metavuln:load:security-advisory:simple-update-notifier:k0CjOJivVSeZQqdpa+Al8NDNCdnkC52iwoc802/3iU22WysxoQZrTMTxZeC1kChwn28QwXXmNWDXVyosLz9JMw== Completed in 10ms
88 timing metavuln:cache:put:security-advisory:simple-update-notifier:sAk3HqCEinqss3JaKQs47PvMnqkFDKonysISao6hyBRt+iknsEcByvy0kitPPPBq179dkQDlIWEPTcxTEudwTg== Completed in 39ms
89 timing metavuln:calculate:security-advisory:simple-update-notifier:k0CjOJivVSeZQqdpa+Al8NDNCdnkC52iwoc802/3iU22WysxoQZrTMTxZeC1kChwn28QwXXmNWDXVyosLz9JMw== Completed in 299ms
90 timing metavuln:cache:get:security-advisory:nodemon:htm+TwaS+mhq//1BkkiBKu99ztzqDZ9kEjJYPJ1rfA12qgcu0plmB9lPKvNwuPj0jlUGXOeVWs1QQjQf/F7QIw== Completed in 80ms
91 http fetch GET 200 https://registry.npmjs.org/nodemon 215ms (cache revalidated)
92 timing metavuln:packument:nodemon Completed in 262ms
93 timing metavuln:load:security-advisory:nodemon:sAk3HqCEinqss3JaKQs47PvMnqkFDKonysISao6hyBRt+iknsEcByvy0kitPPPBq179dkQDlIWEPTcxTEudwTg== Completed in 63ms
94 timing metavuln:cache:put:security-advisory:nodemon:htm+TwaS+mhq//1BkkiBKu99ztzqDZ9kEjJYPJ1rfA12qgcu0plmB9lPKvNwuPj0jlUGXOeVWs1QQjQf/F7QIw== Completed in 7ms
95 timing metavuln:calculate:security-advisory:nodemon:sAk3HqCEinqss3JaKQs47PvMnqkFDKonysISao6hyBRt+iknsEcByvy0kitPPPBq179dkQDlIWEPTcxTEudwTg== Completed in 341ms
96 timing auditReport:init Completed in 2175ms
97 timing reify:audit Completed in 6214ms
98 timing reify Completed in 11972ms
99 silly ADD
100 timing command:install Completed in 12250ms
101 verbose exit 0
102 timing npm Completed in 12503ms
103 info ok
