0 verbose cli /usr/bin/node /usr/bin/npm
1 info using npm@9.2.0
2 info using node@v20.19.2
3 timing npm:load:whichnode Completed in 1ms
4 timing config:load:defaults Completed in 5ms
5 timing config:load:file:/usr/share/nodejs/npm/npmrc Completed in 18ms
6 timing config:load:builtin Completed in 19ms
7 timing config:load:cli Completed in 7ms
8 timing config:load:env Completed in 1ms
9 timing config:load:file:/home/salvadorllamas048/.cache/typescript/6.0/.npmrc Completed in 1ms
10 timing config:load:project Completed in 8ms
11 timing config:load:file:/home/salvadorllamas048/.npmrc Completed in 0ms
12 timing config:load:user Completed in 1ms
13 timing config:load:file:/etc/npmrc Completed in 1ms
14 timing config:load:global Completed in 1ms
15 timing config:load:setEnvs Completed in 4ms
16 timing config:load Completed in 47ms
17 timing npm:load:configload Completed in 47ms
18 timing npm:load:mkdirpcache Completed in 2ms
19 timing npm:load:mkdirplogs Completed in 0ms
20 verbose title npm install types-registry@latest
21 verbose argv "install" "--ignore-scripts" "types-registry@latest"
22 timing npm:load:setTitle Completed in 2ms
23 timing config:load:flatten Completed in 12ms
24 timing npm:load:display Completed in 16ms
25 verbose logfile logs-max:10 dir:/home/salvadorllamas048/.npm/_logs/2026-06-06T03_46_45_084Z-
26 verbose logfile /home/salvadorllamas048/.npm/_logs/2026-06-06T03_46_45_084Z-debug-0.log
27 timing npm:load:logFile Completed in 31ms
28 timing npm:load:timers Completed in 1ms
29 timing npm:load:configScope Completed in 0ms
30 timing npm:load Completed in 104ms
31 silly logfile start cleaning logs, removing 1 files
32 timing config:load:flatten Completed in 3ms
33 timing arborist:ctor Completed in 4ms
34 silly logfile done cleaning log files
35 timing idealTree:init Completed in 318ms
36 timing arborist:ctor Completed in 1ms
37 http fetch GET 200 https://registry.npmjs.org/types-registry 1145ms (cache revalidated)
38 timing idealTree:userRequests Completed in 1247ms
39 silly idealTree buildDeps
40 silly fetch manifest types-registry@0.1.772
41 silly placeDep ROOT types-registry@0.1.772 REPLACE for:  want: 0.1.772
42 timing idealTree:#root Completed in 65ms
43 timing idealTree:node_modules/types-registry Completed in 0ms
44 timing idealTree:buildDeps Completed in 69ms
45 timing idealTree:fixDepFlags Completed in 8ms
46 timing idealTree Completed in 1661ms
47 timing reify:loadTrees Completed in 1670ms
48 timing reify:diffTrees Completed in 35ms
49 silly reify moves {}
50 timing reify:retireShallow Completed in 5ms
51 timing reify:createSparse Completed in 0ms
52 timing reify:loadBundles Completed in 0ms
53 silly audit bulk request {
53 silly audit   '@babel/code-frame': [ '7.29.7' ],
53 silly audit   '@babel/helper-validator-identifier': [ '7.29.7' ],
53 silly audit   '@jest/diff-sequences': [ '30.4.0' ],
53 silly audit   '@jest/expect-utils': [ '30.4.1' ],
53 silly audit   '@jest/get-type': [ '30.1.0' ],
53 silly audit   '@jest/pattern': [ '30.4.0' ],
53 silly audit   '@jest/schemas': [ '30.4.1' ],
53 silly audit   '@jest/types': [ '30.4.1' ],
53 silly audit   '@sinclair/typebox': [ '0.34.49' ],
53 silly audit   '@types/body-parser': [ '1.19.6' ],
53 silly audit   '@types/connect': [ '3.4.38' ],
53 silly audit   '@types/cookiejar': [ '2.1.5' ],
53 silly audit   '@types/express': [ '5.0.6' ],
53 silly audit   '@types/express-serve-static-core': [ '5.1.1' ],
53 silly audit   '@types/http-errors': [ '2.0.5' ],
53 silly audit   '@types/istanbul-lib-coverage': [ '2.0.6' ],
53 silly audit   '@types/istanbul-lib-report': [ '3.0.3' ],
53 silly audit   '@types/istanbul-reports': [ '3.0.4' ],
53 silly audit   '@types/jest': [ '30.0.0' ],
53 silly audit   '@types/jsonwebtoken': [ '9.0.10' ],
53 silly audit   '@types/methods': [ '1.1.4' ],
53 silly audit   '@types/ms': [ '2.1.0' ],
53 silly audit   '@types/node': [ '25.9.1' ],
53 silly audit   '@types/nodemailer': [ '8.0.0' ],
53 silly audit   '@types/qs': [ '6.15.1' ],
53 silly audit   '@types/range-parser': [ '1.2.7' ],
53 silly audit   '@types/react': [ '19.2.16' ],
53 silly audit   '@types/semver': [ '7.7.1' ],
53 silly audit   '@types/send': [ '1.2.1' ],
53 silly audit   '@types/serve-static': [ '2.2.0' ],
53 silly audit   '@types/stack-utils': [ '2.0.3' ],
53 silly audit   '@types/superagent': [ '8.1.10' ],
53 silly audit   '@types/supertest': [ '7.2.0' ],
53 silly audit   '@types/yargs': [ '17.0.35' ],
53 silly audit   '@types/yargs-parser': [ '21.0.3' ],
53 silly audit   'ansi-styles': [ '4.3.0', '5.2.0' ],
53 silly audit   asynckit: [ '0.4.0' ],
53 silly audit   'call-bind-apply-helpers': [ '1.0.2' ],
53 silly audit   chalk: [ '4.1.2' ],
53 silly audit   'ci-info': [ '4.4.0' ],
53 silly audit   'color-convert': [ '2.0.1' ],
53 silly audit   'color-name': [ '1.1.4' ],
53 silly audit   'combined-stream': [ '1.0.8' ],
53 silly audit   csstype: [ '3.2.3' ],
53 silly audit   'delayed-stream': [ '1.0.0' ],
53 silly audit   'dunder-proto': [ '1.0.1' ],
53 silly audit   'es-define-property': [ '1.0.1' ],
53 silly audit   'es-errors': [ '1.3.0' ],
53 silly audit   'es-object-atoms': [ '1.1.2' ],
53 silly audit   'es-set-tostringtag': [ '2.1.0' ],
53 silly audit   'escape-string-regexp': [ '2.0.0' ],
53 silly audit   expect: [ '30.4.1' ],
53 silly audit   'form-data': [ '4.0.5' ],
53 silly audit   'function-bind': [ '1.1.2' ],
53 silly audit   'get-intrinsic': [ '1.3.0' ],
53 silly audit   'get-proto': [ '1.0.1' ],
53 silly audit   gopd: [ '1.2.0' ],
53 silly audit   'graceful-fs': [ '4.2.11' ],
53 silly audit   'has-flag': [ '4.0.0' ],
53 silly audit   'has-symbols': [ '1.1.0' ],
53 silly audit   'has-tostringtag': [ '1.0.2' ],
53 silly audit   hasown: [ '2.0.4' ],
53 silly audit   'jest-diff': [ '30.4.1' ],
53 silly audit   'jest-matcher-utils': [ '30.4.1' ],
53 silly audit   'jest-message-util': [ '30.4.1' ],
53 silly audit   'jest-mock': [ '30.4.1' ],
53 silly audit   'jest-regex-util': [ '30.4.0' ],
53 silly audit   'jest-util': [ '30.4.1' ],
53 silly audit   'js-tokens': [ '4.0.0' ],
53 silly audit   'math-intrinsics': [ '1.1.0' ],
53 silly audit   'mime-db': [ '1.52.0' ],
53 silly audit   'mime-types': [ '2.1.35' ],
53 silly audit   picocolors: [ '1.1.1' ],
53 silly audit   picomatch: [ '4.0.4' ],
53 silly audit   'pretty-format': [ '30.4.1' ],
53 silly audit   'react-is': [ '18.3.1', '19.2.7' ],
53 silly audit   slash: [ '3.0.0' ],
53 silly audit   'stack-utils': [ '2.0.6' ],
53 silly audit   'supports-color': [ '7.2.0' ],
53 silly audit   'undici-types': [ '7.24.6' ],
53 silly audit   'types-registry': [ '0.1.772' ]
53 silly audit }
54 timing reify:unpack Completed in 1ms
55 timing reify:unretire Completed in 0ms
56 timing build:queue Completed in 0ms
57 timing build:deps Completed in 1ms
58 timing build Completed in 2ms
59 timing reify:build Completed in 2ms
60 timing reify:trash Completed in 0ms
61 timing reify:save Completed in 324ms
62 http fetch POST 200 https://registry.npmjs.org/-/npm/v1/security/advisories/bulk 571ms
63 timing auditReport:getReport Completed in 593ms
64 silly audit report {}
65 timing auditReport:init Completed in 0ms
66 timing reify:audit Completed in 603ms
67 timing reify Completed in 2334ms
68 timing command:install Completed in 2357ms
69 verbose exit 0
70 timing npm Completed in 2523ms
71 info ok
