0 verbose cli /usr/bin/node /usr/bin/npm
1 info using npm@9.2.0
2 info using node@v20.19.2
3 timing npm:load:whichnode Completed in 0ms
4 timing config:load:defaults Completed in 5ms
5 timing config:load:file:/usr/share/nodejs/npm/npmrc Completed in 9ms
6 timing config:load:builtin Completed in 10ms
7 timing config:load:cli Completed in 4ms
8 timing config:load:env Completed in 1ms
9 timing config:load:project Completed in 3ms
10 timing config:load:file:/home/salvadorllamas048/.npmrc Completed in 1ms
11 timing config:load:user Completed in 1ms
12 timing config:load:file:/etc/npmrc Completed in 1ms
13 timing config:load:global Completed in 1ms
14 timing config:load:setEnvs Completed in 2ms
15 timing config:load Completed in 30ms
16 timing npm:load:configload Completed in 30ms
17 timing npm:load:mkdirpcache Completed in 1ms
18 timing npm:load:mkdirplogs Completed in 0ms
19 verbose title npm install
20 verbose argv "install"
21 timing npm:load:setTitle Completed in 2ms
22 timing config:load:flatten Completed in 8ms
23 timing npm:load:display Completed in 10ms
24 verbose logfile logs-max:10 dir:/home/salvadorllamas048/.npm/_logs/2026-06-07T03_43_57_585Z-
25 verbose logfile /home/salvadorllamas048/.npm/_logs/2026-06-07T03_43_57_585Z-debug-0.log
26 timing npm:load:logFile Completed in 18ms
27 timing npm:load:timers Completed in 1ms
28 timing npm:load:configScope Completed in 0ms
29 timing npm:load Completed in 64ms
30 silly logfile start cleaning logs, removing 1 files
31 timing config:load:flatten Completed in 1ms
32 timing arborist:ctor Completed in 2ms
33 silly logfile done cleaning log files
34 timing idealTree:init Completed in 24ms
35 timing idealTree:userRequests Completed in 0ms
36 silly idealTree buildDeps
37 timing idealTree:#root Completed in 0ms
38 timing idealTree:buildDeps Completed in 3ms
39 timing idealTree:fixDepFlags Completed in 0ms
40 timing idealTree Completed in 29ms
41 timing reify:loadTrees Completed in 35ms
42 timing reify:diffTrees Completed in 1ms
43 silly reify moves {}
44 timing reify:retireShallow Completed in 3ms
45 timing reify:createSparse Completed in 0ms
46 timing reify:loadBundles Completed in 0ms
47 timing reify:unpack Completed in 1ms
48 timing reify:unretire Completed in 0ms
49 timing build:queue Completed in 0ms
50 timing build:deps Completed in 1ms
51 timing build Completed in 1ms
52 timing reify:build Completed in 2ms
53 timing reify:trash Completed in 0ms
54 timing reify:save Completed in 49ms
55 timing reify Completed in 116ms
56 timing command:install Completed in 129ms
57 verbose stack Error: ENOENT: no such file or directory, open '/home/salvadorllamas048/package.json'
58 verbose cwd /home/salvadorllamas048
59 verbose Linux 6.6.99-09128-g14e87a8a9b71
60 verbose node v20.19.2
61 verbose npm  v9.2.0
62 error code ENOENT
63 error syscall open
64 error path /home/salvadorllamas048/package.json
65 error errno -2
66 error enoent ENOENT: no such file or directory, open '/home/salvadorllamas048/package.json'
67 error enoent This is related to npm not being able to find a file.
67 error enoent
68 verbose exit -2
69 timing npm Completed in 241ms
70 verbose code -2
71 error A complete log of this run can be found in:
71 error     /home/salvadorllamas048/.npm/_logs/2026-06-07T03_43_57_585Z-debug-0.log
