0 verbose cli /usr/bin/node /usr/bin/npm
1 info using npm@9.2.0
2 info using node@v20.19.2
3 timing npm:load:whichnode Completed in 241ms
4 timing config:load:defaults Completed in 407ms
5 timing config:load:file:/usr/share/nodejs/npm/npmrc Completed in 1744ms
6 timing config:load:builtin Completed in 1798ms
7 timing config:load:cli Completed in 967ms
8 timing config:load:env Completed in 13ms
9 timing config:load:file:/home/salvadorllamas048/proyecto2/.npmrc Completed in 109ms
10 timing config:load:project Completed in 3545ms
11 timing config:load:file:/home/salvadorllamas048/.npmrc Completed in 102ms
12 timing config:load:user Completed in 117ms
13 timing config:load:file:/etc/npmrc Completed in 31ms
14 timing config:load:global Completed in 31ms
15 timing config:load:setEnvs Completed in 153ms
16 timing config:load Completed in 7315ms
17 timing npm:load:configload Completed in 7346ms
18 timing npm:load:mkdirpcache Completed in 434ms
19 timing npm:load:mkdirplogs Completed in 16ms
20 verbose title npm run dev
21 verbose argv "run" "dev"
22 timing npm:load:setTitle Completed in 384ms
23 timing config:load:flatten Completed in 184ms
24 timing npm:load:display Completed in 447ms
25 verbose logfile logs-max:10 dir:/home/salvadorllamas048/.npm/_logs/2026-06-03T02_15_26_140Z-
26 verbose logfile /home/salvadorllamas048/.npm/_logs/2026-06-03T02_15_26_140Z-debug-0.log
27 timing npm:load:logFile Completed in 1411ms
28 timing npm:load:timers Completed in 11ms
29 timing npm:load:configScope Completed in 0ms
30 timing npm:load Completed in 10340ms
31 silly logfile start cleaning logs, removing 1 files
32 timing config:load:flatten Completed in 228ms
33 silly logfile done cleaning log files
